<?xml version="1.0" encoding="UTF-8"?>
<!-- Generated by org.testng.reporters.JUnitXMLReporter -->
<testsuite ignored="0" hostname="lekshmi" failures="1" tests="4" name="Test" time="31.433" errors="0" timestamp="2023-01-07T21:12:11 EST">
  <testcase classname="com.naveenAutomation.Tests.MyAccountTest" name="testSomething" time="2.31">
    <failure type="java.lang.AssertionError" message="Login Failed expected [Account] but found [My Account]">
      <![CDATA[java.lang.AssertionError: Login Failed expected [Account] but found [My Account]
at com.naveenAutomation.Tests.MyAccountTest.testSomething(MyAccountTest.java:57)
at java.base/java.util.ArrayList.forEach(ArrayList.java:1511)
... Removed 32 stack frames]]>
    </failure>
  </testcase> <!-- testSomething -->
  <testcase classname="com.naveenAutomation.Tests.MyAccountTest" name="verifyNewsLetterSubscription" time="3.352"/>
  <testcase classname="com.naveenAutomation.Tests.MyAccountTest" name="verifyPhoneNumberUpdate" time="3.636"/>
  <testcase classname="com.naveenAutomation.Tests.MyAccountTest" name="verifyUserLogin" time="1.733"/>
</testsuite> <!-- Test -->
