<?xml version="1.0" encoding="UTF-8"?>
<testng-results ignored="0" total="4" passed="3" failed="1" skipped="0">
  <reporter-output>
  </reporter-output>
  <suite started-at="2023-01-07T21:11:40 EST" name="Suite" finished-at="2023-01-07T21:12:11 EST" duration-ms="31433">
    <groups>
    </groups>
    <test started-at="2023-01-07T21:11:40 EST" name="Test" finished-at="2023-01-07T21:12:11 EST" duration-ms="31433">
      <class name="com.naveenAutomation.Tests.MyAccountTest">
        <test-method is-config="true" signature="setUp()[pri:0, instance:com.naveenAutomation.Tests.MyAccountTest@7674f035]" started-at="2023-01-07T21:11:40 EST" name="setUp" finished-at="2023-01-07T21:11:46 EST" duration-ms="6699" status="PASS">
          <reporter-output>
          </reporter-output>
        </test-method> <!-- setUp -->
        <test-method signature="testSomething()[pri:0, instance:com.naveenAutomation.Tests.MyAccountTest@7674f035]" started-at="2023-01-07T21:11:46 EST" name="testSomething" finished-at="2023-01-07T21:11:49 EST" duration-ms="2310" status="FAIL">
          <exception class="java.lang.AssertionError">
            <message>
              <![CDATA[Login Failed expected [Account] but found [My Account]]]>
            </message>
            <full-stacktrace>
              <![CDATA[java.lang.AssertionError: Login Failed expected [Account] but found [My Account]
at org.testng.Assert.fail(Assert.java:99)
at org.testng.Assert.failNotEquals(Assert.java:1037)
at org.testng.Assert.assertEqualsImpl(Assert.java:140)
at org.testng.Assert.assertEquals(Assert.java:122)
at org.testng.Assert.assertEquals(Assert.java:629)
at com.naveenAutomation.Tests.MyAccountTest.testSomething(MyAccountTest.java:57)
at java.base/jdk.internal.reflect.NativeMethodAccessorImpl.invoke0(Native Method)
at java.base/jdk.internal.reflect.NativeMethodAccessorImpl.invoke(NativeMethodAccessorImpl.java:77)
at java.base/jdk.internal.reflect.DelegatingMethodAccessorImpl.invoke(DelegatingMethodAccessorImpl.java:43)
at java.base/java.lang.reflect.Method.invoke(Method.java:568)
at org.testng.internal.MethodInvocationHelper.invokeMethod(MethodInvocationHelper.java:132)
at org.testng.internal.TestInvoker.invokeMethod(TestInvoker.java:599)
at org.testng.internal.TestInvoker.invokeTestMethod(TestInvoker.java:174)
at org.testng.internal.MethodRunner.runInSequence(MethodRunner.java:46)
at org.testng.internal.TestInvoker$MethodInvocationAgent.invoke(TestInvoker.java:822)
at org.testng.internal.TestInvoker.invokeTestMethods(TestInvoker.java:147)
at org.testng.internal.TestMethodWorker.invokeTestMethods(TestMethodWorker.java:146)
at org.testng.internal.TestMethodWorker.run(TestMethodWorker.java:128)
at java.base/java.util.ArrayList.forEach(ArrayList.java:1511)
at org.testng.TestRunner.privateRun(TestRunner.java:764)
at org.testng.TestRunner.run(TestRunner.java:585)
at org.testng.SuiteRunner.runTest(SuiteRunner.java:384)
at org.testng.SuiteRunner.runSequentially(SuiteRunner.java:378)
at org.testng.SuiteRunner.privateRun(SuiteRunner.java:337)
at org.testng.SuiteRunner.run(SuiteRunner.java:286)
at org.testng.SuiteRunnerWorker.runSuite(SuiteRunnerWorker.java:53)
at org.testng.SuiteRunnerWorker.run(SuiteRunnerWorker.java:96)
at org.testng.TestNG.runSuitesSequentially(TestNG.java:1218)
at org.testng.TestNG.runSuitesLocally(TestNG.java:1140)
at org.testng.TestNG.runSuites(TestNG.java:1069)
at org.testng.TestNG.run(TestNG.java:1037)
at org.testng.remote.AbstractRemoteTestNG.run(AbstractRemoteTestNG.java:115)
at org.testng.remote.RemoteTestNG.initAndRun(RemoteTestNG.java:251)
at org.testng.remote.RemoteTestNG.main(RemoteTestNG.java:77)
]]>
            </full-stacktrace>
          </exception> <!-- java.lang.AssertionError -->
          <reporter-output>
          </reporter-output>
        </test-method> <!-- testSomething -->
        <test-method is-config="true" signature="teardown()[pri:0, instance:com.naveenAutomation.Tests.MyAccountTest@7674f035]" started-at="2023-01-07T21:11:49 EST" name="teardown" finished-at="2023-01-07T21:11:49 EST" duration-ms="172" status="PASS">
          <reporter-output>
          </reporter-output>
        </test-method> <!-- teardown -->
        <test-method is-config="true" signature="setUp()[pri:0, instance:com.naveenAutomation.Tests.MyAccountTest@7674f035]" started-at="2023-01-07T21:11:49 EST" name="setUp" finished-at="2023-01-07T21:11:53 EST" duration-ms="4224" status="PASS">
          <reporter-output>
          </reporter-output>
        </test-method> <!-- setUp -->
        <test-method signature="verifyNewsLetterSubscription()[pri:0, instance:com.naveenAutomation.Tests.MyAccountTest@7674f035]" started-at="2023-01-07T21:11:53 EST" name="verifyNewsLetterSubscription" finished-at="2023-01-07T21:11:57 EST" duration-ms="3352" status="PASS">
          <reporter-output>
          </reporter-output>
        </test-method> <!-- verifyNewsLetterSubscription -->
        <test-method is-config="true" signature="teardown()[pri:0, instance:com.naveenAutomation.Tests.MyAccountTest@7674f035]" started-at="2023-01-07T21:11:57 EST" name="teardown" finished-at="2023-01-07T21:11:57 EST" duration-ms="154" status="PASS">
          <reporter-output>
          </reporter-output>
        </test-method> <!-- teardown -->
        <test-method is-config="true" signature="setUp()[pri:0, instance:com.naveenAutomation.Tests.MyAccountTest@7674f035]" started-at="2023-01-07T21:11:57 EST" name="setUp" finished-at="2023-01-07T21:12:01 EST" duration-ms="4288" status="PASS">
          <reporter-output>
          </reporter-output>
        </test-method> <!-- setUp -->
        <test-method signature="verifyPhoneNumberUpdate()[pri:0, instance:com.naveenAutomation.Tests.MyAccountTest@7674f035]" started-at="2023-01-07T21:12:01 EST" name="verifyPhoneNumberUpdate" finished-at="2023-01-07T21:12:05 EST" duration-ms="3636" status="PASS">
          <reporter-output>
          </reporter-output>
        </test-method> <!-- verifyPhoneNumberUpdate -->
        <test-method is-config="true" signature="teardown()[pri:0, instance:com.naveenAutomation.Tests.MyAccountTest@7674f035]" started-at="2023-01-07T21:12:05 EST" name="teardown" finished-at="2023-01-07T21:12:05 EST" duration-ms="163" status="PASS">
          <reporter-output>
          </reporter-output>
        </test-method> <!-- teardown -->
        <test-method is-config="true" signature="setUp()[pri:0, instance:com.naveenAutomation.Tests.MyAccountTest@7674f035]" started-at="2023-01-07T21:12:05 EST" name="setUp" finished-at="2023-01-07T21:12:09 EST" duration-ms="4220" status="PASS">
          <reporter-output>
          </reporter-output>
        </test-method> <!-- setUp -->
        <test-method signature="verifyUserLogin()[pri:0, instance:com.naveenAutomation.Tests.MyAccountTest@7674f035]" started-at="2023-01-07T21:12:09 EST" name="verifyUserLogin" finished-at="2023-01-07T21:12:11 EST" duration-ms="1733" status="PASS">
          <reporter-output>
          </reporter-output>
        </test-method> <!-- verifyUserLogin -->
        <test-method is-config="true" signature="teardown()[pri:0, instance:com.naveenAutomation.Tests.MyAccountTest@7674f035]" started-at="2023-01-07T21:12:11 EST" name="teardown" finished-at="2023-01-07T21:12:11 EST" duration-ms="160" status="PASS">
          <reporter-output>
          </reporter-output>
        </test-method> <!-- teardown -->
      </class> <!-- com.naveenAutomation.Tests.MyAccountTest -->
    </test> <!-- Test -->
  </suite> <!-- Suite -->
</testng-results>
